<?xml version="1.0" encoding="UTF-8"?>
<!-- Generated by org.testng.reporters.JUnitXMLReporter -->
<testsuite ignored="0" hostname="DESKTOP-GVQ48K3" failures="0" tests="4" name="Default test" time="17.023" errors="0" timestamp="2023-09-17T14:42:41 EDT">
  <testcase classname="mytest.Program1" name="verifyTitle" time="0.026"/>
  <testcase classname="mytest.Program1" name="HeroSearch" time="0.182"/>
  <testcase classname="mytest.Program1" name="ListofHeroes" time="0.495"/>
  <testcase classname="mytest.Program1" name="DeleteHero" time="0.774"/>
</testsuite> <!-- Default test -->
