<?xml version="1.0" encoding="UTF-8"?>
<testng-results ignored="0" total="4" passed="4" failed="0" skipped="0">
  <reporter-output>
  </reporter-output>
  <suite started-at="2023-09-17T14:42:24 EDT" name="Default suite" finished-at="2023-09-17T14:42:41 EDT" duration-ms="17023">
    <groups>
    </groups>
    <test started-at="2023-09-17T14:42:24 EDT" name="Default test" finished-at="2023-09-17T14:42:41 EDT" duration-ms="17023">
      <class name="mytest.Program1">
        <test-method is-config="true" signature="setup()[pri:0, instance:mytest.Program1@24569dba]" started-at="2023-09-17T14:42:25 EDT" name="setup" finished-at="2023-09-17T14:42:29 EDT" duration-ms="4870" status="PASS">
          <reporter-output>
          </reporter-output>
        </test-method> <!-- setup -->
        <test-method signature="verifyTitle()[pri:0, instance:mytest.Program1@24569dba]" started-at="2023-09-17T14:42:29 EDT" name="verifyTitle" finished-at="2023-09-17T14:42:29 EDT" duration-ms="26" status="PASS">
          <reporter-output>
          </reporter-output>
        </test-method> <!-- verifyTitle -->
        <test-method is-config="true" signature="teardown()[pri:0, instance:mytest.Program1@24569dba]" started-at="2023-09-17T14:42:29 EDT" name="teardown" finished-at="2023-09-17T14:42:30 EDT" duration-ms="538" status="PASS">
          <reporter-output>
          </reporter-output>
        </test-method> <!-- teardown -->
        <test-method is-config="true" signature="setup()[pri:0, instance:mytest.Program1@24569dba]" started-at="2023-09-17T14:42:30 EDT" name="setup" finished-at="2023-09-17T14:42:33 EDT" duration-ms="2797" status="PASS">
          <reporter-output>
          </reporter-output>
        </test-method> <!-- setup -->
        <test-method signature="HeroSearch()[pri:1, instance:mytest.Program1@24569dba]" started-at="2023-09-17T14:42:33 EDT" name="HeroSearch" finished-at="2023-09-17T14:42:33 EDT" duration-ms="182" status="PASS">
          <reporter-output>
          </reporter-output>
        </test-method> <!-- HeroSearch -->
        <test-method is-config="true" signature="teardown()[pri:0, instance:mytest.Program1@24569dba]" started-at="2023-09-17T14:42:33 EDT" name="teardown" finished-at="2023-09-17T14:42:33 EDT" duration-ms="525" status="PASS">
          <reporter-output>
          </reporter-output>
        </test-method> <!-- teardown -->
        <test-method is-config="true" signature="setup()[pri:0, instance:mytest.Program1@24569dba]" started-at="2023-09-17T14:42:33 EDT" name="setup" finished-at="2023-09-17T14:42:36 EDT" duration-ms="2842" status="PASS">
          <reporter-output>
          </reporter-output>
        </test-method> <!-- setup -->
        <test-method signature="ListofHeroes()[pri:2, instance:mytest.Program1@24569dba]" started-at="2023-09-17T14:42:36 EDT" name="ListofHeroes" finished-at="2023-09-17T14:42:37 EDT" duration-ms="495" status="PASS">
          <reporter-output>
          </reporter-output>
        </test-method> <!-- ListofHeroes -->
        <test-method is-config="true" signature="teardown()[pri:0, instance:mytest.Program1@24569dba]" started-at="2023-09-17T14:42:37 EDT" name="teardown" finished-at="2023-09-17T14:42:37 EDT" duration-ms="527" status="PASS">
          <reporter-output>
          </reporter-output>
        </test-method> <!-- teardown -->
        <test-method is-config="true" signature="setup()[pri:0, instance:mytest.Program1@24569dba]" started-at="2023-09-17T14:42:37 EDT" name="setup" finished-at="2023-09-17T14:42:40 EDT" duration-ms="2688" status="PASS">
          <reporter-output>
          </reporter-output>
        </test-method> <!-- setup -->
        <test-method signature="DeleteHero()[pri:3, instance:mytest.Program1@24569dba]" started-at="2023-09-17T14:42:40 EDT" name="DeleteHero" finished-at="2023-09-17T14:42:41 EDT" duration-ms="774" status="PASS">
          <reporter-output>
          </reporter-output>
        </test-method> <!-- DeleteHero -->
        <test-method is-config="true" signature="teardown()[pri:0, instance:mytest.Program1@24569dba]" started-at="2023-09-17T14:42:41 EDT" name="teardown" finished-at="2023-09-17T14:42:41 EDT" duration-ms="624" status="PASS">
          <reporter-output>
          </reporter-output>
        </test-method> <!-- teardown -->
      </class> <!-- mytest.Program1 -->
    </test> <!-- Default test -->
  </suite> <!-- Default suite -->
</testng-results>
